src\diaremot\utils\hash.py:41: error: Incompatible types in assignment (expression has type "HASH", variable has type "blake2s")  [assignment]
src\diaremot\utils\hash.py:46: error: Incompatible types in assignment (expression has type "IO[bytes]", variable has type "BufferedReader[_BufferedReaderStream]")  [assignment]
src\diaremot\pipeline\pipeline_checkpoint_system.py:204: error: Incompatible return value type (got "tuple[None, None]", expected "tuple[Any, CheckpointMetadata]")  [return-value]
src\diaremot\pipeline\pipeline_checkpoint_system.py:216: error: Incompatible return value type (got "tuple[None, None]", expected "tuple[Any, CheckpointMetadata]")  [return-value]
src\diaremot\pipeline\pipeline_checkpoint_system.py:227: error: Incompatible return value type (got "tuple[None, None]", expected "tuple[Any, CheckpointMetadata]")  [return-value]
src\diaremot\pipeline\pipeline_checkpoint_system.py:256: error: Incompatible return value type (got "tuple[Literal[ProcessingStage.AUDIO_PREPROCESSING, ProcessingStage.TRANSCRIPTION, ProcessingStage.DIARIZATION, ProcessingStage.EMOTION_ANALYSIS, ProcessingStage.PARALINGUISTICS, ProcessingStage.CONVERSATION_ANALYSIS, ProcessingStage.SUMMARY_GENERATION], Any | None, CheckpointMetadata | None]", expected "tuple[ProcessingStage, Any, CheckpointMetadata]")  [return-value]
src\diaremot\pipeline\pipeline_checkpoint_system.py:258: error: Incompatible return value type (got "tuple[None, None, None]", expected "tuple[ProcessingStage, Any, CheckpointMetadata]")  [return-value]
src\diaremot\pipeline\pipeline_checkpoint_system.py:630: error: Need type annotation for "results"  [var-annotated]
src\diaremot\pipeline\logging_utils.py:193: error: Unused "type: ignore" comment  [unused-ignore]
src\diaremot\io\onnx_runtime_guard.py:44: error: Statement is unreachable  [unreachable]
src\diaremot\summaries\pdf_summary_generator.py:135: error: Argument 1 to "append" of "list" has incompatible type "Spacer"; expected "Paragraph"  [arg-type]
src\diaremot\summaries\pdf_summary_generator.py:227: error: Argument 1 to "append" of "list" has incompatible type "Table"; expected "Paragraph"  [arg-type]
src\diaremot\summaries\pdf_summary_generator.py:264: error: Argument 1 to "build" of "SimpleDocTemplate" has incompatible type "list[Paragraph]"; expected "list[Flowable]"  [arg-type]
src\diaremot\summaries\pdf_summary_generator.py:264: note: "list" is invariant -- see https://mypy.readthedocs.io/en/stable/common_issues.html#variance
src\diaremot\summaries\pdf_summary_generator.py:264: note: Consider using "Sequence" instead, which is covariant
src\diaremot\tools\deps_check.py:230: error: Unused "type: ignore" comment  [unused-ignore]
src\diaremot\tools\deps_check.py:373: error: Skipping analyzing "onnxruntime": module is installed, but missing library stubs or py.typed marker  [import-untyped]
src\diaremot\tools\deps_check.py:376: error: Need type annotation for "providers"  [var-annotated]
src\diaremot\tools\deps_check.py:415: error: Skipping analyzing "soundfile": module is installed, but missing library stubs or py.typed marker  [import-untyped]
src\diaremot\tools\deps_check.py:431: error: Skipping analyzing "pydub.utils": module is installed, but missing library stubs or py.typed marker  [import-untyped]
src\diaremot\summaries\conversation_analysis.py:38: error: Need type annotation for "speaker_times" (hint: "speaker_times: dict[<type>, <type>] = ...")  [var-annotated]
src\diaremot\summaries\conversation_analysis.py:110: error: Unsupported operand types for > ("str" and "int")  [operator]
src\diaremot\summaries\conversation_analysis.py:110: note: Left operand is of type "float | Any | str"
src\diaremot\summaries\conversation_analysis.py:111: error: Argument 1 to "mean" has incompatible type "list[float | Any | str]"; expected "_SupportsArray[dtype[bool_ | integer[Any] | floating[Any]]] | _NestedSequence[_SupportsArray[dtype[bool_ | integer[Any] | floating[Any]]]] | bool | int | float | _NestedSequence[bool | int | float]"  [arg-type]
src\diaremot\summaries\conversation_analysis.py:137: error: Incompatible types in assignment (expression has type "float | Any | str", variable has type "float")  [assignment]
src\diaremot\summaries\conversation_analysis.py:139: error: Unsupported operand types for - ("str" and "float")  [operator]
src\diaremot\summaries\conversation_analysis.py:139: note: Left operand is of type "float | Any | str"
src\diaremot\summaries\conversation_analysis.py:216: error: Incompatible return value type (got "floating[Any] | float", expected "float")  [return-value]
src\diaremot\summaries\conversation_analysis.py:281: error: Incompatible types in assignment (expression has type "floating[Any] | float", variable has type "float")  [assignment]
src\diaremot\pipeline\stages\utils.py:20: error: Statement is unreachable  [unreachable]
src\diaremot\affect\ser_onnx.py:4: error: Skipping analyzing "onnxruntime": module is installed, but missing library stubs or py.typed marker  [import-untyped]
src\diaremot\affect\ser_dpngtm.py:11: error: Cannot find implementation or library stub for module named "torch"  [import-not-found]
src\diaremot\affect\ser_dpngtm.py:17: error: Unused "type: ignore" comment  [unused-ignore]
src\diaremot\affect\ser_dpngtm.py:18: error: Unused "type: ignore" comment  [unused-ignore]
src\diaremot\affect\ser_dpngtm.py:19: error: Unused "type: ignore" comment  [unused-ignore]
src\diaremot\io\onnx_utils.py:16: error: Skipping analyzing "onnxruntime": module is installed, but missing library stubs or py.typed marker  [import-untyped]
src\diaremot\sed\sed_panns_onnx.py:34: error: Library stubs not installed for "scipy.signal"  [import-untyped]
src\diaremot\sed\sed_panns_onnx.py:37: error: Skipping analyzing "soundfile": module is installed, but missing library stubs or py.typed marker  [import-untyped]
src\diaremot\sed\sed_panns_onnx.py:39: error: Unused "type: ignore" comment  [unused-ignore]
src\diaremot\sed\sed_panns_onnx.py:42: error: Incompatible types in assignment (expression has type "None", variable has type "Exception")  [assignment]
src\diaremot\sed\sed_panns_onnx.py:352: error: Incompatible types in assignment (expression has type "tuple[Path, ...]", variable has type "tuple[Path]")  [assignment]
src\diaremot\sed\sed_panns_onnx.py:584: error: Skipping analyzing "onnxruntime": module is installed, but missing library stubs or py.typed marker  [import-untyped]
src\diaremot\sed\sed_panns_onnx.py:621: error: Argument 1 to "_hysteresis_runs" has incompatible type "ndarray[Any, Any]"; expected "Sequence[float]"  [arg-type]
src\diaremot\sed\sed_panns_onnx.py:634: error: Unsupported operand type for unary - ("float | str")  [operator]
src\diaremot\sed\sed_panns_onnx.py:781: error: Statement is unreachable  [unreachable]
src\diaremot\pipeline\transcription_module.py:74: error: Unused "type: ignore" comment  [unused-ignore]
src\diaremot\pipeline\transcription_module.py:203: note: By default the bodies of untyped functions are not checked, consider using --check-untyped-defs  [annotation-unchecked]
src\diaremot\pipeline\transcription_module.py:204: note: By default the bodies of untyped functions are not checked, consider using --check-untyped-defs  [annotation-unchecked]
src\diaremot\pipeline\transcription_module.py:205: note: By default the bodies of untyped functions are not checked, consider using --check-untyped-defs  [annotation-unchecked]
src\diaremot\pipeline\transcription_module.py:208: note: By default the bodies of untyped functions are not checked, consider using --check-untyped-defs  [annotation-unchecked]
src\diaremot\pipeline\transcription_module.py:256: note: By default the bodies of untyped functions are not checked, consider using --check-untyped-defs  [annotation-unchecked]
src\diaremot\pipeline\transcription_module.py:303: error: Unused "type: ignore" comment  [unused-ignore]
src\diaremot\pipeline\transcription_module.py:382: error: Cannot find implementation or library stub for module named "whisper"  [import-not-found]
src\diaremot\pipeline\transcription_module.py:557: error: Need type annotation for "all_results" (hint: "all_results: list[<type>] = ...")  [var-annotated]
src\diaremot\pipeline\transcription_module.py:579: error: Argument 1 to "extend" of "list" has incompatible type "list[TranscriptionSegment] | BaseException"; expected "Iterable[Any]"  [arg-type]
src\diaremot\pipeline\transcription_module.py:595: error: Need type annotation for "normalized" (hint: "normalized: list[<type>] = ...")  [var-annotated]
src\diaremot\pipeline\transcription_module.py:623: error: Argument "key" to "sort" of "list" has incompatible type "Callable[[dict[str, float | Any | None]], float | Any | None]"; expected "Callable[[dict[str, float | Any | None]], SupportsDunderLT[Any] | SupportsDunderGT[Any]]"  [arg-type]
src\diaremot\pipeline\transcription_module.py:623: error: Incompatible return value type (got "float | Any | None", expected "SupportsDunderLT[Any] | SupportsDunderGT[Any]")  [return-value]
src\diaremot\pipeline\transcription_module.py:624: error: Need type annotation for "resolved" (hint: "resolved: list[<type>] = ...")  [var-annotated]
src\diaremot\pipeline\transcription_module.py:681: error: Need type annotation for "current_batch" (hint: "current_batch: list[<type>] = ...")  [var-annotated]
src\diaremot\pipeline\transcription_module.py:754: error: Argument "timeout" to "wait_for" has incompatible type "str | float | list[float] | None"; expected "float | None"  [arg-type]
src\diaremot\pipeline\transcription_module.py:777: error: Argument 1 to "int" has incompatible type "str | float | list[float] | None"; expected "str | Buffer | SupportsInt | SupportsIndex | SupportsTrunc"  [arg-type]
src\diaremot\pipeline\transcription_module.py:861: error: Need type annotation for "chunks" (hint: "chunks: list[<type>] = ...")  [var-annotated]
src\diaremot\pipeline\transcription_module.py:866: error: Unsupported operand types for + ("float" and "str")  [operator]
src\diaremot\pipeline\transcription_module.py:866: error: Unsupported operand types for + ("float" and "None")  [operator]
src\diaremot\pipeline\transcription_module.py:866: error: Unsupported operand types for + ("float" and "list[float]")  [operator]
src\diaremot\pipeline\transcription_module.py:866: note: Right operand is of type "str | float | list[float] | None"
src\diaremot\pipeline\transcription_module.py:881: error: Unsupported operand types for - ("str" and "float")  [operator]
src\diaremot\pipeline\transcription_module.py:881: error: Unsupported operand types for - ("None" and "float")  [operator]
src\diaremot\pipeline\transcription_module.py:881: error: Unsupported operand types for - ("list[float]" and "float")  [operator]
src\diaremot\pipeline\transcription_module.py:881: note: Left operand is of type "str | float | list[float] | None"
src\diaremot\pipeline\transcription_module.py:950: error: Argument 1 to "float" has incompatible type "str | float | list[float] | None"; expected "str | Buffer | SupportsFloat | SupportsIndex"  [arg-type]
src\diaremot\pipeline\transcription_module.py:986: error: Argument 1 to "int" has incompatible type "str | float | list[float] | None"; expected "str | Buffer | SupportsInt | SupportsIndex | SupportsTrunc"  [arg-type]
src\diaremot\pipeline\transcription_module.py:1007: error: No overload variant of "update" of "MutableMapping" matches argument types "bool", "dict[str, str | float | list[float] | None]"  [call-overload]
src\diaremot\pipeline\transcription_module.py:1007: note: Possible overload variants:
src\diaremot\pipeline\transcription_module.py:1007: note:     def update(self, SupportsKeysAndGetItem[str, str | float | list[float] | None], /) -> None
src\diaremot\pipeline\transcription_module.py:1007: note:     def update(self, SupportsKeysAndGetItem[str, str | float | list[float] | None], /, **kwargs: str | float | list[float] | None) -> None
src\diaremot\pipeline\transcription_module.py:1007: note:     def update(self, Iterable[tuple[str, str | float | list[float] | None]], /) -> None
src\diaremot\pipeline\transcription_module.py:1007: note:     def update(self, Iterable[tuple[str, str | float | list[float] | None]], /, **kwargs: str | float | list[float] | None) -> None
src\diaremot\pipeline\transcription_module.py:1007: note:     def update(self, **kwargs: str | float | list[float] | None) -> None
src\diaremot\pipeline\transcription_module.py:1022: error: Argument 1 to "float" has incompatible type "str | float | list[float] | None"; expected "str | Buffer | SupportsFloat | SupportsIndex"  [arg-type]
src\diaremot\pipeline\transcription_module.py:1056: note: By default the bodies of untyped functions are not checked, consider using --check-untyped-defs  [annotation-unchecked]
src\diaremot\pipeline\transcription_module.py:1057: note: By default the bodies of untyped functions are not checked, consider using --check-untyped-defs  [annotation-unchecked]
src\diaremot\pipeline\transcription_module.py:1058: note: By default the bodies of untyped functions are not checked, consider using --check-untyped-defs  [annotation-unchecked]
src\diaremot\pipeline\transcription_module.py:1591: error: Unsupported target for indexed assignment ("object")  [index]
src\diaremot\pipeline\transcription_module.py:1741: error: Argument 1 to "len" has incompatible type "list[TranscriptionSegment] | Coroutine[Any, Any, list[TranscriptionSegment]]"; expected "Sized"  [arg-type]
src\diaremot\pipeline\transcription_module.py:1743: error: Argument 1 to "enumerate" has incompatible type "list[TranscriptionSegment] | Coroutine[Any, Any, list[TranscriptionSegment]]"; expected "Iterable[TranscriptionSegment]"  [arg-type]
src\diaremot\pipeline\speaker_diarization_batched.py:22: error: Library stubs not installed for "scipy.signal"  [import-untyped]
src\diaremot\pipeline\speaker_diarization_batched.py:22: error: Library stubs not installed for "scipy"  [import-untyped]
src\diaremot\pipeline\speaker_diarization_batched.py:40: error: Skipping analyzing "sklearn.cluster": module is installed, but missing library stubs or py.typed marker  [import-untyped]
src\diaremot\pipeline\speaker_diarization_batched.py:65: error: Statement is unreachable  [unreachable]
src\diaremot\pipeline\speaker_diarization_batched.py:102: error: Cannot find implementation or library stub for module named "torch.hub"  [import-not-found]
src\diaremot\pipeline\speaker_diarization_batched.py:102: error: Cannot find implementation or library stub for module named "torch"  [import-not-found]
src\diaremot\pipeline\speaker_diarization_batched.py:247: note: By default the bodies of untyped functions are not checked, consider using --check-untyped-defs  [annotation-unchecked]
src\diaremot\pipeline\speaker_diarization_batched.py:248: note: By default the bodies of untyped functions are not checked, consider using --check-untyped-defs  [annotation-unchecked]
src\diaremot\pipeline\speaker_diarization_batched.py:351: error: Right operand of "or" is never evaluated  [unreachable]
src\diaremot\pipeline\speaker_diarization_batched.py:353: error: Statement is unreachable  [unreachable]
src\diaremot\pipeline\speaker_diarization_batched.py:470: error: Statement is unreachable  [unreachable]
src\diaremot\pipeline\speaker_diarization_batched.py:480: error: Right operand of "or" is never evaluated  [unreachable]
src\diaremot\pipeline\speaker_diarization_batched.py:482: error: Statement is unreachable  [unreachable]
src\diaremot\pipeline\speaker_diarization_batched.py:525: error: Argument 1 to "iter_model_subpaths" has incompatible type "str"; expected "Path"  [arg-type]
src\diaremot\pipeline\speaker_diarization_batched.py:535: error: Incompatible types in assignment (expression has type "Path | None", variable has type "Path")  [assignment]
src\diaremot\pipeline\speaker_diarization_batched.py:536: error: Right operand of "and" is never evaluated  [unreachable]
src\diaremot\pipeline\speaker_diarization_batched.py:537: error: Statement is unreachable  [unreachable]
src\diaremot\pipeline\speaker_diarization_batched.py:539: error: Statement is unreachable  [unreachable]
src\diaremot\pipeline\speaker_diarization_batched.py:541: error: "None" has no attribute "get_inputs"  [attr-defined]
src\diaremot\pipeline\speaker_diarization_batched.py:542: error: "None" has no attribute "get_outputs"  [attr-defined]
src\diaremot\pipeline\speaker_diarization_batched.py:550: error: Right operand of "or" is never evaluated  [unreachable]
src\diaremot\pipeline\speaker_diarization_batched.py:552: error: Statement is unreachable  [unreachable]
src\diaremot\pipeline\speaker_diarization_batched.py:770: error: Argument 1 to "_ECAPAWrapper" has incompatible type "str | None"; expected "Path | None"  [arg-type]
src\diaremot\pipeline\speaker_diarization_batched.py:898: error: Need type annotation for "windows" (hint: "windows: list[<type>] = ...")  [var-annotated]
src\diaremot\pipeline\speaker_diarization_batched.py:958: error: Need type annotation for "active_speakers" (hint: "active_speakers: dict[<type>, <type>] = ...")  [var-annotated]
src\diaremot\pipeline\speaker_diarization_batched.py:963: error: Need type annotation for "span_votes" (hint: "span_votes: dict[<type>, <type>] = ...")  [var-annotated]
src\diaremot\pipeline\speaker_diarization.py:19: error: Library stubs not installed for "scipy.signal"  [import-untyped]
src\diaremot\pipeline\speaker_diarization.py:19: error: Library stubs not installed for "scipy"  [import-untyped]
src\diaremot\pipeline\speaker_diarization.py:37: error: Skipping analyzing "sklearn.cluster": module is installed, but missing library stubs or py.typed marker  [import-untyped]
src\diaremot\pipeline\speaker_diarization.py:63: error: Statement is unreachable  [unreachable]
src\diaremot\pipeline\speaker_diarization.py:100: error: Cannot find implementation or library stub for module named "torch.hub"  [import-not-found]
src\diaremot\pipeline\speaker_diarization.py:100: error: Cannot find implementation or library stub for module named "torch"  [import-not-found]
src\diaremot\pipeline\speaker_diarization.py:278: note: By default the bodies of untyped functions are not checked, consider using --check-untyped-defs  [annotation-unchecked]
src\diaremot\pipeline\speaker_diarization.py:279: note: By default the bodies of untyped functions are not checked, consider using --check-untyped-defs  [annotation-unchecked]
src\diaremot\pipeline\speaker_diarization.py:391: error: Right operand of "or" is never evaluated  [unreachable]
src\diaremot\pipeline\speaker_diarization.py:393: error: Statement is unreachable  [unreachable]
src\diaremot\pipeline\speaker_diarization.py:510: error: Statement is unreachable  [unreachable]
src\diaremot\pipeline\speaker_diarization.py:520: error: Right operand of "or" is never evaluated  [unreachable]
src\diaremot\pipeline\speaker_diarization.py:522: error: Statement is unreachable  [unreachable]
src\diaremot\pipeline\speaker_diarization.py:573: error: Argument 1 to "iter_model_subpaths" has incompatible type "str"; expected "Path"  [arg-type]
src\diaremot\pipeline\speaker_diarization.py:583: error: Incompatible types in assignment (expression has type "Path | None", variable has type "Path")  [assignment]
src\diaremot\pipeline\speaker_diarization.py:584: error: Right operand of "and" is never evaluated  [unreachable]
src\diaremot\pipeline\speaker_diarization.py:585: error: Statement is unreachable  [unreachable]
src\diaremot\pipeline\speaker_diarization.py:587: error: Statement is unreachable  [unreachable]
src\diaremot\pipeline\speaker_diarization.py:589: error: "None" has no attribute "get_inputs"  [attr-defined]
src\diaremot\pipeline\speaker_diarization.py:590: error: "None" has no attribute "get_outputs"  [attr-defined]
src\diaremot\pipeline\speaker_diarization.py:597: error: Right operand of "or" is never evaluated  [unreachable]
src\diaremot\pipeline\speaker_diarization.py:599: error: Statement is unreachable  [unreachable]
src\diaremot\pipeline\speaker_diarization.py:816: error: Argument 1 to "_ECAPAWrapper" has incompatible type "str | None"; expected "Path | None"  [arg-type]
src\diaremot\pipeline\speaker_diarization.py:1052: error: Need type annotation for "active_speakers" (hint: "active_speakers: dict[<type>, <type>] = ...")  [var-annotated]
src\diaremot\pipeline\speaker_diarization.py:1059: error: Need type annotation for "span_votes" (hint: "span_votes: dict[<type>, <type>] = ...")  [var-annotated]
src\diaremot\affect\sed_timeline.py:16: error: Unused "type: ignore" comment  [unused-ignore]
src\diaremot\affect\sed_timeline.py:23: error: Library stubs not installed for "scipy.signal"  [import-untyped]
src\diaremot\affect\sed_timeline.py:139: error: Argument 1 to "append" of "list" has incompatible type "tuple[str, Sequence[ndarray[Any, Any]]]"; expected "tuple[str, list[ndarray[Any, Any]]]"  [arg-type]
src\diaremot\affect\sed_timeline.py:141: error: Argument 1 to "append" of "list" has incompatible type "tuple[str, Sequence[ndarray[Any, Any]]]"; expected "tuple[str, list[ndarray[Any, Any]]]"  [arg-type]
src\diaremot\affect\sed_timeline.py:304: error: Statement is unreachable  [unreachable]
src\diaremot\affect\sed_timeline.py:436: error: Argument 1 to "_mel_to_hz" has incompatible type "ndarray[Any, dtype[floating[Any]]]"; expected "Sequence[float]"  [arg-type]
src\diaremot\affect\sed_timeline.py:499: error: Signature of "__getitem__" incompatible with supertype "typing.Sequence"  [override]
src\diaremot\affect\sed_timeline.py:499: note:      Superclass:
src\diaremot\affect\sed_timeline.py:499: note:          @overload
src\diaremot\affect\sed_timeline.py:499: note:          def __getitem__(self, int, /) -> ndarray[Any, Any]
src\diaremot\affect\sed_timeline.py:499: note:          @overload
src\diaremot\affect\sed_timeline.py:499: note:          def __getitem__(self, slice[Any, Any, Any], /) -> Sequence[ndarray[Any, Any]]
src\diaremot\affect\sed_timeline.py:499: note:      Subclass:
src\diaremot\affect\sed_timeline.py:499: note:          def __getitem__(self, int | slice[Any, Any, Any], /) -> ndarray[Any, Any] | list[ndarray[Any, Any]]
src\diaremot\affect\sed_timeline.py:538: error: Signature of "__getitem__" incompatible with supertype "typing.Sequence"  [override]
src\diaremot\affect\sed_timeline.py:538: note:      Superclass:
src\diaremot\affect\sed_timeline.py:538: note:          @overload
src\diaremot\affect\sed_timeline.py:538: note:          def __getitem__(self, int, /) -> ndarray[Any, Any]
src\diaremot\affect\sed_timeline.py:538: note:          @overload
src\diaremot\affect\sed_timeline.py:538: note:          def __getitem__(self, slice[Any, Any, Any], /) -> Sequence[ndarray[Any, Any]]
src\diaremot\affect\sed_timeline.py:538: note:      Subclass:
src\diaremot\affect\sed_timeline.py:538: note:          def __getitem__(self, int | slice[Any, Any, Any], /) -> ndarray[Any, Any] | list[ndarray[Any, Any]]
src\diaremot\affect\sed_panns.py:45: error: Unused "type: ignore" comment  [unused-ignore]
src\diaremot\affect\sed_panns.py:52: error: Skipping analyzing "onnxruntime": module is installed, but missing library stubs or py.typed marker  [import-untyped]
src\diaremot\affect\sed_panns.py:62: error: Unused "type: ignore" comment  [unused-ignore]
src\diaremot\affect\sed_panns.py:67: error: Unused "type: ignore" comment  [unused-ignore]
src\diaremot\affect\sed_panns.py:218: note: By default the bodies of untyped functions are not checked, consider using --check-untyped-defs  [annotation-unchecked]
src\diaremot\affect\sed_panns.py:219: note: By default the bodies of untyped functions are not checked, consider using --check-untyped-defs  [annotation-unchecked]
src\diaremot\affect\sed_panns.py:288: note: By default the bodies of untyped functions are not checked, consider using --check-untyped-defs  [annotation-unchecked]
src\diaremot\affect\sed_panns.py:370: error: Statement is unreachable  [unreachable]
src\diaremot\affect\sed_panns.py:409: error: Statement is unreachable  [unreachable]
src\diaremot\affect\sed_panns.py:412: error: Unused "type: ignore" comment  [unused-ignore]
src\diaremot\affect\sed_panns.py:418: error: Unused "type: ignore" comment  [unused-ignore]
src\diaremot\affect\paralinguistics.py:33: error: Library stubs not installed for "scipy"  [import-untyped]
src\diaremot\affect\paralinguistics.py:33: note: Hint: "python3 -m pip install scipy-stubs"
src\diaremot\affect\paralinguistics.py:33: note: (or run "mypy --install-types" to install all missing stub packages)
src\diaremot\affect\paralinguistics.py:42: error: Cannot find implementation or library stub for module named "parselmouth"  [import-not-found]
src\diaremot\affect\paralinguistics.py:43: error: Cannot find implementation or library stub for module named "parselmouth.praat"  [import-not-found]
src\diaremot\affect\paralinguistics.py:43: note: See https://mypy.readthedocs.io/en/stable/running_mypy.html#missing-imports
src\diaremot\affect\paralinguistics.py:460: error: Incompatible types in assignment (expression has type "ndarray[Any, dtype[Any]]", variable has type "list[Any]")  [assignment]
src\diaremot\affect\paralinguistics.py:461: error: Incompatible types in assignment (expression has type "ndarray[Any, dtype[Any]]", variable has type "list[Any]")  [assignment]
src\diaremot\affect\paralinguistics.py:475: error: "list[Any]" has no attribute "size"  [attr-defined]
src\diaremot\affect\paralinguistics.py:477: error: "list[Any]" has no attribute "size"  [attr-defined]
src\diaremot\affect\paralinguistics.py:485: error: "list[Any]" has no attribute "size"  [attr-defined]
src\diaremot\affect\paralinguistics.py:1222: error: Incompatible types in assignment (expression has type "float", variable has type "int")  [assignment]
src\diaremot\affect\paralinguistics.py:1503: error: Function "builtins.callable" is not valid as a type  [valid-type]
src\diaremot\affect\paralinguistics.py:1503: note: Perhaps you meant "typing.Callable" instead of "callable"?
src\diaremot\affect\paralinguistics.py:1545: error: No overload variant of "__setitem__" of "list" matches argument types "int", "dict[str, Any]"  [call-overload]
src\diaremot\affect\paralinguistics.py:1545: note: Possible overload variants:
src\diaremot\affect\paralinguistics.py:1545: note:     def __setitem__(self, SupportsIndex, None, /) -> None
src\diaremot\affect\paralinguistics.py:1545: note:     def __setitem__(self, slice[Any, Any, Any], Iterable[None], /) -> None
src\diaremot\affect\paralinguistics.py:1549: error: callable? not callable  [misc]
src\diaremot\affect\paralinguistics.py:1553: error: No overload variant of "__setitem__" of "list" matches argument types "int", "dict[str, Any]"  [call-overload]
src\diaremot\affect\paralinguistics.py:1553: note: Possible overload variants:
src\diaremot\affect\paralinguistics.py:1553: note:     def __setitem__(self, SupportsIndex, None, /) -> None
src\diaremot\affect\paralinguistics.py:1553: note:     def __setitem__(self, slice[Any, Any, Any], Iterable[None], /) -> None
src\diaremot\affect\paralinguistics.py:1562: error: Argument 1 to "append" of "list" has incompatible type "dict[str, Any]"; expected "None"  [arg-type]
src\diaremot\affect\paralinguistics.py:1566: error: callable? not callable  [misc]
src\diaremot\affect\paralinguistics.py:1570: error: Argument 1 to "append" of "list" has incompatible type "dict[str, Any]"; expected "None"  [arg-type]
src\diaremot\affect\paralinguistics.py:1572: error: Incompatible return value type (got "list[None]", expected "list[dict[str, Any]]")  [return-value]
src\diaremot\affect\paralinguistics.py:1713: error: "object" has no attribute "append"  [attr-defined]
src\diaremot\affect\paralinguistics.py:1714: error: Unsupported operand types for + ("object" and "float")  [operator]
src\diaremot\affect\paralinguistics.py:1716: error: "object" has no attribute "append"  [attr-defined]
src\diaremot\affect\paralinguistics.py:1717: error: Unsupported operand types for + ("object" and "float")  [operator]
src\diaremot\affect\paralinguistics.py:1719: error: Unsupported target for indexed assignment ("object")  [index]
src\diaremot\affect\paralinguistics.py:1724: error: "object" has no attribute "append"  [attr-defined]
src\diaremot\affect\paralinguistics.py:1725: error: Unsupported operand types for + ("object" and "float")  [operator]
src\diaremot\affect\paralinguistics.py:1727: error: "object" has no attribute "append"  [attr-defined]
src\diaremot\affect\paralinguistics.py:1728: error: Unsupported operand types for + ("object" and "float")  [operator]
src\diaremot\affect\paralinguistics.py:1733: error: "object" has no attribute "append"  [attr-defined]
src\diaremot\affect\paralinguistics.py:1734: error: Unsupported operand types for + ("object" and "float")  [operator]
src\diaremot\affect\paralinguistics.py:1736: error: "object" has no attribute "append"  [attr-defined]
src\diaremot\affect\paralinguistics.py:1737: error: Unsupported operand types for + ("object" and "float")  [operator]
src\diaremot\affect\paralinguistics.py:1746: error: "object" has no attribute "append"  [attr-defined]
src\diaremot\affect\paralinguistics.py:1747: error: Unsupported operand types for + ("object" and "float")  [operator]
src\diaremot\affect\paralinguistics.py:1750: error: "object" has no attribute "append"  [attr-defined]
src\diaremot\affect\paralinguistics.py:1751: error: Unsupported operand types for + ("object" and "float")  [operator]
src\diaremot\affect\paralinguistics.py:1754: error: "object" has no attribute "append"  [attr-defined]
src\diaremot\affect\paralinguistics.py:1755: error: Unsupported operand types for + ("object" and "float")  [operator]
src\diaremot\affect\paralinguistics.py:1761: error: "object" has no attribute "append"  [attr-defined]
src\diaremot\affect\paralinguistics.py:1762: error: Unsupported operand types for + ("object" and "float")  [operator]
src\diaremot\affect\paralinguistics.py:1765: error: Unsupported operand types for <= ("float" and "object")  [operator]
src\diaremot\affect\paralinguistics.py:1767: error: Unsupported operand types for <= ("float" and "object")  [operator]
src\diaremot\affect\paralinguistics.py:1769: error: Unsupported operand types for <= ("float" and "object")  [operator]
src\diaremot\affect\paralinguistics.py:1957: error: Need type annotation for "_memory_usage" (hint: "_memory_usage: list[<type>] = ...")  [var-annotated]
src\diaremot\affect\paralinguistics.py:1995: error: Incompatible types in assignment (expression has type "list[int]", variable has type "int")  [assignment]
src\diaremot\affect\paralinguistics.py:2015: error: Argument 1 to "_get_performance_rating" has incompatible type "floating[Any]"; expected "float"  [arg-type]
src\diaremot\affect\paralinguistics.py:2096: error: Argument 15 to "ParalinguisticsConfig" has incompatible type "**dict[str, int]"; expected "str"  [arg-type]
src\diaremot\affect\paralinguistics.py:2096: error: Argument 15 to "ParalinguisticsConfig" has incompatible type "**dict[str, int]"; expected "bool"  [arg-type]
src\diaremot\affect\paralinguistics.py:2101: error: Argument 1 to "ParalinguisticsConfig" has incompatible type "**dict[str, int]"; expected "bool"  [arg-type]
src\diaremot\affect\paralinguistics.py:2101: error: Argument 1 to "ParalinguisticsConfig" has incompatible type "**dict[str, int]"; expected "str"  [arg-type]
src\diaremot\affect\paralinguistics.py:2132: error: Argument 20 to "ParalinguisticsConfig" has incompatible type "**dict[str, int]"; expected "str"  [arg-type]
src\diaremot\affect\paralinguistics.py:2132: error: Argument 20 to "ParalinguisticsConfig" has incompatible type "**dict[str, int]"; expected "bool"  [arg-type]
src\diaremot\affect\paralinguistics.py:2427: error: Function "builtins.callable" is not valid as a type  [valid-type]
src\diaremot\affect\paralinguistics.py:2427: note: Perhaps you meant "typing.Callable" instead of "callable"?
src\diaremot\affect\emotion_analyzer.py:27: error: Unused "type: ignore" comment  [unused-ignore]
src\diaremot\affect\emotion_analyzer.py:57: error: Dict entry 0 has incompatible type "str": "str"; expected "str": "float"  [dict-item]
src\diaremot\affect\emotion_analyzer.py:511: error: Dict entry 0 has incompatible type "str": "str"; expected "str": "float"  [dict-item]
src\diaremot\affect\emotion_analyzer.py:530: error: Dict entry 0 has incompatible type "str": "str"; expected "str": "float"  [dict-item]
src\diaremot\affect\emotion_analyzer.py:531: error: Dict entry 0 has incompatible type "str": "str"; expected "str": "float"  [dict-item]
src\diaremot\affect\emotion_analyzer.py:532: error: Dict entry 0 has incompatible type "str": "str"; expected "str": "float"  [dict-item]
src\diaremot\affect\emotion_analyzer.py:561: error: Unused "type: ignore" comment  [unused-ignore]
src\diaremot\affect\emotion_analyzer.py:668: error: Statement is unreachable  [unreachable]
src\diaremot\affect\emotion_analyzer.py:1110: error: Unused "type: ignore" comment  [unused-ignore]
src\diaremot\affect\emotion_analyzer.py:1192: error: Incompatible return value type (got "tuple[str, list[dict[str, object]]]", expected "tuple[str, list[dict[str, float]]]")  [return-value]
src\diaremot\affect\emotion_analyzer.py:1212: error: "object" has no attribute "run"  [attr-defined]
src\diaremot\affect\emotion_analyzer.py:1230: error: Dict entry 0 has incompatible type "str": "str"; expected "str": "float"  [dict-item]
src\diaremot\affect\emotion_analyzer.py:1234: error: Incompatible return value type (got "tuple[float | str, list[dict[str, float]]]", expected "tuple[str, list[dict[str, float]]]")  [return-value]
src\diaremot\affect\emotion_analyzer.py:1245: error: Dict entry 0 has incompatible type "str": "str"; expected "str": "float"  [dict-item]
src\diaremot\affect\emotion_analyzer.py:1250: error: "object" has no attribute "__iter__"; maybe "__dir__" or "__str__"? (not iterable)  [attr-defined]
src\diaremot\affect\emotion_analyzer.py:1257: error: Dict entry 0 has incompatible type "str": "str"; expected "str": "float"  [dict-item]
src\diaremot\affect\emotion_analyzer.py:1261: error: Incompatible return value type (got "tuple[float | str, list[dict[str, float]]]", expected "tuple[str, list[dict[str, float]]]")  [return-value]
src\diaremot\affect\emotion_analyzer.py:1304: error: Argument "top" to "IntentResult" has incompatible type "str | float"; expected "str"  [arg-type]
src\diaremot\affect\emotion_analyzer.py:1305: error: Dict entry 0 has incompatible type "str": "str"; expected "str": "float"  [dict-item]
src\diaremot\affect\emotion_analyzer.py:1315: error: Incompatible types in assignment (expression has type "tuple[str, str, str, str, str, str]", variable has type "tuple[str, str, str, str]")  [assignment]
src\diaremot\pipeline\cpu_optimized_diarizer.py:23: error: Incompatible types in assignment (expression has type "None", variable has type "Callable[[float | None, KwArg(Any)], Any]")  [assignment]
src\diaremot\pipeline\cpu_optimized_diarizer.py:109: error: Incompatible types in assignment (expression has type "list[Any] | tuple[Any, ...]", variable has type "list[Mapping[Any, Any]]")  [assignment]
src\diaremot\pipeline\cpu_optimized_diarizer.py:118: error: Statement is unreachable  [unreachable]
src\diaremot\pipeline\cpu_optimized_diarizer.py:179: error: Argument "key" to "sorted" has incompatible type overloaded function; expected "Callable[[str], SupportsDunderLT[Any] | SupportsDunderGT[Any]]"  [arg-type]
src\diaremot\pipeline\config.py:132: error: Subclass of "list[Path]" and "str" cannot exist: have distinct disjoint bases  [unreachable]
src\diaremot\pipeline\config.py:132: error: Subclass of "list[Path]" and "Path" cannot exist: have distinct disjoint bases  [unreachable]
src\diaremot\pipeline\config.py:133: error: Statement is unreachable  [unreachable]
src\diaremot\pipeline\config.py:139: error: Subclass of "list[str]" and "str" cannot exist: have distinct disjoint bases  [unreachable]
src\diaremot\pipeline\config.py:139: error: Subclass of "list[str]" and "bytes" cannot exist: have distinct disjoint bases  [unreachable]
src\diaremot\pipeline\config.py:173: error: Statement is unreachable  [unreachable]
src\diaremot\pipeline\config.py:365: error: Statement is unreachable  [unreachable]
src\diaremot\pipeline\dependency_checks.py:66: error: Statement is unreachable  [unreachable]
src\diaremot\pipeline\audio_preprocessing.py:18: error: Skipping analyzing "soundfile": module is installed, but missing library stubs or py.typed marker  [import-untyped]
src\diaremot\pipeline\audio_preprocessing.py:19: error: Library stubs not installed for "scipy.ndimage"  [import-untyped]
src\diaremot\pipeline\audio_preprocessing.py:20: error: Library stubs not installed for "scipy.signal"  [import-untyped]
src\diaremot\pipeline\audio_preprocessing.py:170: error: Skipping analyzing "soxr": module is installed, but missing library stubs or py.typed marker  [import-untyped]
src\diaremot\pipeline\audio_preprocessing.py:272: error: Unused "type: ignore" comment  [unused-ignore]
src\diaremot\pipeline\auto_tuner.py:70: error: Unused "type: ignore" comment  [unused-ignore]
src\diaremot\pipeline\stages\summaries.py:55: error: Argument 1 to "float" has incompatible type "Any | None"; expected "str | Buffer | SupportsFloat | SupportsIndex"  [arg-type]
src\diaremot\pipeline\stages\summaries.py:130: error: Subclass of "list[dict[str, Any]]" and "dict[Any, Any]" cannot exist: have distinct disjoint bases  [unreachable]
src\diaremot\pipeline\stages\summaries.py:131: error: Statement is unreachable  [unreachable]
src\diaremot\pipeline\stages\summaries.py:133: error: Statement is unreachable  [unreachable]
src\diaremot\pipeline\stages\preprocess.py:33: error: Incompatible types in assignment (expression has type "str", variable has type "dict[str, Any]")  [assignment]
src\diaremot\pipeline\stages\preprocess.py:73: error: Argument "duration_s" to "done" of "StageGuard" has incompatible type "float"; expected "int"  [arg-type]
src\diaremot\pipeline\stages\preprocess.py:96: error: Argument "duration_s" to "done" of "StageGuard" has incompatible type "float"; expected "int"  [arg-type]
src\diaremot\pipeline\stages\preprocess.py:143: error: Argument "pp_signature" to "savez_compressed" has incompatible type "dict[str, Any]"; expected "_SupportsArray[dtype[Any]] | _NestedSequence[_SupportsArray[dtype[Any]]] | bool | int | float | complex | str | bytes | _NestedSequence[bool | int | float | complex | str | bytes]"  [arg-type]
src\diaremot\pipeline\stages\preprocess.py:143: note: "dict" is missing following "_NestedSequence" protocol members:
src\diaremot\pipeline\stages\preprocess.py:143: note:     count, index
src\diaremot\pipeline\stages\preprocess.py:143: note: Following member(s) of "dict[str, Any]" have conflicts:
src\diaremot\pipeline\stages\preprocess.py:143: note:     Expected:
src\diaremot\pipeline\stages\preprocess.py:143: note:         def __getitem__(self, int, /) -> _SupportsArray[dtype[Any]] | _NestedSequence[_SupportsArray[dtype[Any]]]
src\diaremot\pipeline\stages\preprocess.py:143: note:     Got:
src\diaremot\pipeline\stages\preprocess.py:143: note:         def __getitem__(self, str, /) -> Any
src\diaremot\pipeline\stages\preprocess.py:143: note:     Expected:
src\diaremot\pipeline\stages\preprocess.py:143: note:         def __iter__(self) -> Iterator[_SupportsArray[dtype[Any]] | _NestedSequence[_SupportsArray[dtype[Any]]]]
src\diaremot\pipeline\stages\preprocess.py:143: note:     Got:
src\diaremot\pipeline\stages\preprocess.py:143: note:         def __iter__(self) -> Iterator[str]
src\diaremot\pipeline\stages\preprocess.py:143: note:     <1 more conflict(s) not shown>
src\diaremot\pipeline\stages\preprocess.py:143: note: "dict" is missing following "_NestedSequence" protocol members:
src\diaremot\pipeline\stages\preprocess.py:143: note:     count, index
src\diaremot\pipeline\stages\preprocess.py:143: note: Following member(s) of "dict[str, Any]" have conflicts:
src\diaremot\pipeline\stages\preprocess.py:143: note:     Expected:
src\diaremot\pipeline\stages\preprocess.py:143: note:         def __getitem__(self, int, /) -> bool | int | float | complex | str | bytes | _NestedSequence[bool | int | float | complex | str | bytes]
src\diaremot\pipeline\stages\preprocess.py:143: note:     Got:
src\diaremot\pipeline\stages\preprocess.py:143: note:         def __getitem__(self, str, /) -> Any
src\diaremot\pipeline\stages\preprocess.py:183: error: Item "None" of "dict[str, object] | None" has no attribute "get"  [union-attr]
src\diaremot\pipeline\stages\preprocess.py:184: error: Item "None" of "dict[str, object] | None" has no attribute "get"  [union-attr]
src\diaremot\pipeline\stages\preprocess.py:185: error: Item "None" of "dict[str, object] | None" has no attribute "get"  [union-attr]
src\diaremot\pipeline\stages\preprocess.py:223: error: Need type annotation for "empty_result"  [var-annotated]
src\diaremot\pipeline\stages\preprocess.py:281: error: Argument 1 to "float" has incompatible type "float | list[Any]"; expected "str | Buffer | SupportsFloat | SupportsIndex"  [arg-type]
src\diaremot\pipeline\stages\preprocess.py:304: error: Incompatible types in assignment (expression has type "str", target has type "float | list[Any] | None")  [assignment]
src\diaremot\pipeline\stages\preprocess.py:305: error: Incompatible types in assignment (expression has type "str | None", target has type "float | list[Any] | None")  [assignment]
src\diaremot\pipeline\stages\preprocess.py:309: error: Incompatible types in assignment (expression has type "str | None", target has type "float | list[Any] | None")  [assignment]
src\diaremot\pipeline\stages\preprocess.py:320: error: Argument 1 to "len" has incompatible type "float | list[Any]"; expected "Sized"  [arg-type]
src\diaremot\pipeline\stages\diarize.py:43: error: Item "None" of "Any | None" has no attribute "tolist"  [union-attr]
src\diaremot\pipeline\stages\diarize.py:121: error: Item "None" of "SpeakerDiarizer | None" has no attribute "diarize_audio"  [union-attr]
src\diaremot\pipeline\stages\asr.py:60: error: Item "None" of "AudioTranscriber | None" has no attribute "transcribe_segments"  [union-attr]
src\diaremot\pipeline\stages\affect.py:62: error: Need type annotation for "timeline_events" (hint: "timeline_events: list[<type>] = ...")  [var-annotated]
src\diaremot\pipeline\stages\affect.py:145: error: Need type annotation for "events_top" (hint: "events_top: list[<type>] = ...")  [var-annotated]
src\diaremot\pipeline\stages\affect.py:179: error: Statement is unreachable  [unreachable]
src\diaremot\pipeline\orchestrator.py:17: error: Unused "type: ignore" comment  [unused-ignore]
src\diaremot\pipeline\orchestrator.py:61: error: Incompatible types in assignment (expression has type "None", variable has type Module)  [assignment]
src\diaremot\pipeline\orchestrator.py:180: error: Skipping analyzing "transformers.utils.logging": module is installed, but missing library stubs or py.typed marker  [import-untyped]
src\diaremot\pipeline\orchestrator.py:328: error: Incompatible types in assignment (expression has type "CPUOptimizedSpeakerDiarizer", variable has type "SpeakerDiarizer | None")  [assignment]
src\diaremot\pipeline\orchestrator.py:426: error: Function "SEDConfig" could always be true in boolean context  [truthy-function]
src\diaremot\pipeline\orchestrator.py:536: error: Item "None" of "EmotionIntentAnalyzer | None" has no attribute "analyze"  [union-attr]
src\diaremot\pipeline\orchestrator.py:538: error: Item "None" of "EmotionIntentAnalyzer | None" has no attribute "issues"  [union-attr]
src\diaremot\pipeline\orchestrator.py:699: error: Item "None" of "HTMLSummaryGenerator | None" has no attribute "render_to_html"  [union-attr]
src\diaremot\pipeline\orchestrator.py:714: error: Item "None" of "PDFSummaryGenerator | None" has no attribute "render_to_pdf"  [union-attr]
src\diaremot\pipeline\orchestrator.py:839: error: Item "None" of "AudioTranscriber | None" has no attribute "get_model_info"  [union-attr]
src\diaremot\pipeline\orchestrator.py:890: error: Need type annotation for "prof" (hint: "prof: dict[<type>, <type>] = ...")  [var-annotated]
src\diaremot\pipeline\stages\auto_tune.py:30: error: Unused "type: ignore" comment  [unused-ignore]
src\diaremot\pipeline\stages\auto_tune.py:32: error: Unused "type: ignore" comment  [unused-ignore]
src\diaremot\pipeline\stages\auto_tune.py:43: error: Argument "audio" to "recommend" of "AutoTuner" has incompatible type "Any | None"; expected "ndarray[Any, Any]"  [arg-type]
src\diaremot\pipeline\stages\auto_tune.py:71: error: Item "None" of "SpeakerDiarizer | None" has no attribute "vad"  [union-attr]
src\diaremot\pipeline\stages\auto_tune.py:76: error: Item "None" of "SpeakerDiarizer | None" has no attribute "vad"  [union-attr]
src\diaremot\pipeline\pipeline_diagnostic.py:37: note: By default the bodies of untyped functions are not checked, consider using --check-untyped-defs  [annotation-unchecked]
src\diaremot\pipeline\pipeline_diagnostic.py:236: error: Cannot find implementation or library stub for module named "torch"  [import-not-found]
src\diaremot\pipeline\diagnostics_smoke.py:103: error: Skipping analyzing "soundfile": module is installed, but missing library stubs or py.typed marker  [import-untyped]
src\diaremot\__init__.py:70: error: Unused "type: ignore" comment  [unused-ignore]
src\diaremot\__init__.py:70: error: Cannot assign to a method  [method-assign]
src\diaremot\__init__.py:70: note: Error code "method-assign" not covered by "type: ignore" comment
src\diaremot\__init__.py:71: error: Unused "type: ignore" comment  [unused-ignore]
src\diaremot\__init__.py:71: error: Cannot assign to a method  [method-assign]
src\diaremot\__init__.py:71: note: Error code "method-assign" not covered by "type: ignore" comment
src\diaremot\__init__.py:107: error: Cannot assign to a type  [misc]
src\diaremot\__init__.py:126: error: Incompatible types in assignment (expression has type "tuple[type[SpeakerDiarizer], type[DiarizationConfig]]", target has type "tuple[type[AudioPreprocessor], type[PreprocessConfig]]")  [assignment]
src\diaremot\__init__.py:132: error: Cannot assign to a type  [misc]
src\diaremot\__init__.py:132: error: Incompatible types in assignment (expression has type "type[AudioPreprocessor]", variable has type "type[SpeakerDiarizer]")  [assignment]
src\diaremot\__init__.py:132: error: Incompatible types in assignment (expression has type "type[PreprocessConfig]", variable has type "type[DiarizationConfig]")  [assignment]
src\diaremot\__init__.py:151: error: Incompatible types in assignment (expression has type "tuple[type[AudioTranscriber], Callable[[str, bool, bool, int, KwArg(Any)], AudioTranscriber | AsyncTranscriber]]", target has type "tuple[type[AudioPreprocessor], type[PreprocessConfig]]")  [assignment]
src\diaremot\__init__.py:157: error: Cannot assign to a type  [misc]
src\diaremot\__init__.py:157: error: Incompatible types in assignment (expression has type "type[AudioPreprocessor]", variable has type "type[AudioTranscriber]")  [assignment]
src\diaremot\__init__.py:157: error: Incompatible types in assignment (expression has type "type[PreprocessConfig]", variable has type "Callable[[str, bool, bool, int, KwArg(Any)], AudioTranscriber | AsyncTranscriber]")  [assignment]
src\diaremot\__init__.py:180: error: Incompatible types in assignment (expression has type "type[AudioAnalysisPipelineV2]", target has type "tuple[type[AudioPreprocessor], type[PreprocessConfig]]")  [assignment]
src\diaremot\__init__.py:186: error: Cannot assign to a type  [misc]
src\diaremot\__init__.py:186: error: Incompatible types in assignment (expression has type "tuple[type[AudioPreprocessor], type[PreprocessConfig]]", variable has type "type[AudioAnalysisPipelineV2]")  [assignment]
src\diaremot\__init__.py:196: error: Incompatible types in assignment (expression has type "type[SpeakerRegistryManager]", target has type "tuple[type[AudioPreprocessor], type[PreprocessConfig]]")  [assignment]
src\diaremot\__init__.py:202: error: Cannot assign to a type  [misc]
src\diaremot\__init__.py:202: error: Incompatible types in assignment (expression has type "tuple[type[AudioPreprocessor], type[PreprocessConfig]]", variable has type "type[SpeakerRegistryManager]")  [assignment]
src\diaremot\__init__.py:219: error: Incompatible types in assignment (expression has type "type[PipelineCheckpointManager]", target has type "tuple[type[AudioPreprocessor], type[PreprocessConfig]]")  [assignment]
src\diaremot\__init__.py:225: error: Cannot assign to a type  [misc]
src\diaremot\__init__.py:225: error: Incompatible types in assignment (expression has type "tuple[type[AudioPreprocessor], type[PreprocessConfig]]", variable has type "type[PipelineCheckpointManager]")  [assignment]
src\diaremot\pipeline\validate_system_complete.py:137: error: Skipping analyzing "soundfile": module is installed, but missing library stubs or py.typed marker  [import-untyped]
src\diaremot\pipeline\validate_system_complete.py:205: error: Cannot find implementation or library stub for module named "paralinguistics"  [import-not-found]
src\diaremot\pipeline\pipeline_healthcheck.py:108: error: Dict entry 0 has incompatible type "str": "bool"; expected "str": "str"  [dict-item]
src\diaremot\pipeline\pipeline_healthcheck.py:110: error: Dict entry 0 has incompatible type "str": "bool"; expected "str": "str"  [dict-item]
Found 286 errors in 36 files (checked 67 source files)
